<?xml version="1.0" encoding="UTF-8"?>
<testng-results skipped="0" failed="0" ignored="0" total="1" passed="1">
  <reporter-output>
  </reporter-output>
  <suite name="Default suite" duration-ms="36094" started-at="2019-03-18T11:48:18Z" finished-at="2019-03-18T11:48:54Z">
    <groups>
    </groups>
    <test name="Default test" duration-ms="36094" started-at="2019-03-18T11:48:18Z" finished-at="2019-03-18T11:48:54Z">
      <class name="org.testing.testscripts.LoginTestCase">
        <test-method status="PASS" signature="browserInitiate()[pri:0, instance:org.testing.testscripts.LoginTestCase@3e6fa38a]" name="browserInitiate" is-config="true" duration-ms="27983" started-at="2019-03-18T11:48:18Z" finished-at="2019-03-18T11:48:46Z">
          <reporter-output>
          </reporter-output>
        </test-method> <!-- browserInitiate -->
        <test-method status="PASS" signature="gmailLogin()[pri:0, instance:org.testing.testscripts.LoginTestCase@3e6fa38a]" name="gmailLogin" duration-ms="8047" started-at="2019-03-18T11:48:46Z" finished-at="2019-03-18T11:48:54Z">
          <reporter-output>
          </reporter-output>
        </test-method> <!-- gmailLogin -->
      </class> <!-- org.testing.testscripts.LoginTestCase -->
    </test> <!-- Default test -->
  </suite> <!-- Default suite -->
</testng-results>
